

Microchip Technology PIC18 LITE Macro Assembler V1.44 build -154322312 
                                                                                               Sun Nov 05 17:00:12 2017

Microchip Technology Omniscient Code Generator v1.44 (Free mode) build 201709140600
     1                           	processor	18F25K22
     2                           	fnconf	rparam,??,?,0
     3                           	opt	pw 120
     4                           	opt	lm
     5                           	psect	cinit,global,reloc=2,class=CODE,delta=1
     6                           	psect	bssCOMRAM,global,class=COMRAM,space=1,delta=1,noexec
     7                           	psect	cstackCOMRAM,global,class=COMRAM,space=1,delta=1,noexec
     8                           	psect	text0,global,reloc=2,class=CODE,delta=1
     9                           	psect	intsave_regs,global,class=BIGRAM,space=1,delta=1,noexec
    10                           	psect	rparam,global,class=COMRAM,space=1,delta=1,noexec
    11  0000                     
    12                           ; Version 1.44
    13                           ; Generated 14/09/2017 GMT
    14                           ; 
    15                           ; Copyright © 2017, Microchip Technology Inc. and its subsidiaries ("Microchip")
    16                           ; All rights reserved.
    17                           ; 
    18                           ; This software is developed by Microchip Technology Inc. and its subsidiaries ("Microch
      +                          ip").
    19                           ; 
    20                           ; Redistribution and use in source and binary forms, with or without modification, are
    21                           ; permitted provided that the following conditions are met:
    22                           ; 
    23                           ;     1. Redistributions of source code must retain the above copyright notice, this lis
      +                          t of
    24                           ;        conditions and the following disclaimer.
    25                           ; 
    26                           ;     2. Redistributions in binary form must reproduce the above copyright notice, this 
      +                          list
    27                           ;        of conditions and the following disclaimer in the documentation and/or other
    28                           ;        materials provided with the distribution.
    29                           ; 
    30                           ;     3. Microchip's name may not be used to endorse or promote products derived from th
      +                          is
    31                           ;        software without specific prior written permission.
    32                           ; 
    33                           ; THIS SOFTWARE IS PROVIDED BY MICROCHIP "AS IS" AND ANY EXPRESS OR IMPLIED WARRANTIES,
    34                           ; INCLUDING, BUT NOT LIMITED TO, THE IMPLIED WARRANTIES OF MERCHANTABILITY AND FITNESS F
      +                          OR
    35                           ; PURPOSE ARE DISCLAIMED.  IN NO EVENT SHALL MICROCHIP BE LIABLE FOR ANY DIRECT, INDIREC
      +                          T,
    36                           ; INCIDENTAL, SPECIAL, EXEMPLARY, OR CONSEQUENTIAL DAMAGES (INCLUDING BUT NOT LIMITED TO
    37                           ; PROCUREMENT OF SUBSTITUTE GOODS OR SERVICES; LOSS OF USE, DATA OR PROFITS; OR BUSINESS
    38                           ; INTERRUPTION) HOWSOEVER CAUSED AND ON ANY THEORY OF LIABILITY, WHETHER IN CONTRACT, ST
      +                          RICT
    39                           ; LIABILITY, OR TORT (INCLUDING NEGLIGENCE OR OTHERWISE) ARISING IN ANY WAY OUT OF THE U
      +                          SE OF
    40                           ; THIS SOFTWARE, EVEN IF ADVISED OF THE POSSIBILITY OF SUCH DAMAGE.
    41                           ; 
    42                           ; 
    43                           ; Code-generator required, PIC18F25K22 Definitions
    44                           ; 
    45                           ; SFR Addresses
    46  0000                     _ANSELA	set	3896
    47  0000                     _ANSELCbits	set	3898
    48  0000                     _SSP1BUF	set	4041
    49  0000                     _SSP1CON2bits	set	4037
    50  0000                     _LATAbits	set	3977
    51  0000                     _PIR1bits	set	3998
    52  0000                     _PIE1bits	set	3997
    53  0000                     _INTCON2bits	set	4081
    54  0000                     _INTCON3bits	set	4080
    55  0000                     _INTCONbits	set	4082
    56  0000                     _SSP1ADD	set	4040
    57  0000                     _SSP1CON2	set	4037
    58  0000                     _SSP1STAT	set	4039
    59  0000                     _SSP1CON1	set	4038
    60  0000                     _TRISA	set	3986
    61  0000                     _TRISCbits	set	3988
    62                           
    63                           ; #config settings
    64  0000                     
    65                           	psect	cinit
    66  007ED4                     __pcinit:
    67                           	opt stack 0
    68  007ED4                     start_initialization:
    69                           	opt stack 0
    70  007ED4                     __initialization:
    71                           	opt stack 0
    72                           
    73                           ; Clear objects allocated to COMRAM (2 bytes)
    74  007ED4  6A02               	clrf	(__pbssCOMRAM+1)& (0+255),c
    75  007ED6  6A01               	clrf	__pbssCOMRAM& (0+255),c
    76  007ED8                     end_of_initialization:
    77                           	opt stack 0
    78  007ED8                     __end_of__initialization:
    79                           	opt stack 0
    80  007ED8  0100               	movlb	0
    81  007EDA  EF6F  F03F         	goto	_main	;jump to C main() function
    82                           
    83                           	psect	bssCOMRAM
    84  000001                     __pbssCOMRAM:
    85                           	opt stack 0
    86  000001                     _temp:
    87                           	opt stack 0
    88  000001                     	ds	2
    89                           
    90                           	psect	cstackCOMRAM
    91  000003                     __pcstackCOMRAM:
    92                           	opt stack 0
    93  000003                     ??_main:
    94                           
    95                           ; 1 bytes @ 0x0
    96  000003                     	ds	2
    97                           
    98 ;;
    99 ;;Main: autosize = 0, tempsize = 2, incstack = 0, save=0
   100 ;;
   101 ;; *************** function _main *****************
   102 ;; Defined at:
   103 ;;		line 18 in file "master3.c"
   104 ;; Parameters:    Size  Location     Type
   105 ;;		None
   106 ;; Auto vars:     Size  Location     Type
   107 ;;		None
   108 ;; Return value:  Size  Location     Type
   109 ;;                  1    wreg      void 
   110 ;; Registers used:
   111 ;;		wreg, status,2
   112 ;; Tracked objects:
   113 ;;		On entry : 0/0
   114 ;;		On exit  : 0/0
   115 ;;		Unchanged: 0/0
   116 ;; Data sizes:     COMRAM   BANK0   BANK1   BANK2   BANK3   BANK4   BANK5
   117 ;;      Params:         0       0       0       0       0       0       0
   118 ;;      Locals:         0       0       0       0       0       0       0
   119 ;;      Temps:          2       0       0       0       0       0       0
   120 ;;      Totals:         2       0       0       0       0       0       0
   121 ;;Total ram usage:        2 bytes
   122 ;; This function calls:
   123 ;;		Nothing
   124 ;; This function is called by:
   125 ;;		Startup code after reset
   126 ;; This function uses a non-reentrant model
   127 ;;
   128                           
   129                           	psect	text0
   130  007EDE                     __ptext0:
   131                           	opt stack 0
   132  007EDE                     _main:
   133                           	opt stack 31
   134                           
   135                           ;master3.c: 19: TRISCbits.RC3=1;
   136                           
   137                           ;incstack = 0
   138  007EDE  8694               	bsf	3988,3,c	;volatile
   139                           
   140                           ;master3.c: 20: TRISCbits.RC4=1;
   141  007EE0  8894               	bsf	3988,4,c	;volatile
   142                           
   143                           ;master3.c: 21: ANSELCbits.ANSC3=0;
   144  007EE2  010F               	movlb	15	; () banked
   145  007EE4  973A               	bcf	58,3,b	;volatile
   146                           
   147                           ;master3.c: 22: ANSELCbits.ANSC4=0;
   148  007EE6  993A               	bcf	58,4,b	;volatile
   149                           
   150                           ; BSR set to: 15
   151                           ;master3.c: 23: TRISA=0x00;
   152  007EE8  0E00               	movlw	0
   153  007EEA  6E92               	movwf	3986,c	;volatile
   154                           
   155                           ;master3.c: 24: ANSELA=0x00;
   156  007EEC  0E00               	movlw	0
   157  007EEE  6F38               	movwf	56,b	;volatile
   158                           
   159                           ;master3.c: 25: SSP1CON1=0b00111000;
   160  007EF0  0E38               	movlw	56
   161  007EF2  6EC6               	movwf	4038,c	;volatile
   162                           
   163                           ;master3.c: 26: SSP1STAT=0;
   164  007EF4  0E00               	movlw	0
   165  007EF6  6EC7               	movwf	4039,c	;volatile
   166                           
   167                           ;master3.c: 27: SSP1CON2=0x00;
   168  007EF8  0E00               	movlw	0
   169  007EFA  6EC5               	movwf	4037,c	;volatile
   170                           
   171                           ;master3.c: 28: SSP1ADD=(1000000/(4*100000))-1;
   172  007EFC  0E01               	movlw	1
   173  007EFE  6EC8               	movwf	4040,c	;volatile
   174                           
   175                           ; BSR set to: 15
   176                           ;master3.c: 30: INTCONbits.GIE=1;
   177  007F00  8EF2               	bsf	intcon,7,c	;volatile
   178                           
   179                           ; BSR set to: 15
   180                           ;master3.c: 31: INTCONbits.INT0IE=1;
   181  007F02  88F2               	bsf	intcon,4,c	;volatile
   182                           
   183                           ; BSR set to: 15
   184                           ;master3.c: 32: INTCON3bits.INT1IE=1;
   185  007F04  86F0               	bsf	intcon3,3,c	;volatile
   186                           
   187                           ; BSR set to: 15
   188                           ;master3.c: 33: INTCONbits.INT0IF=0;
   189  007F06  92F2               	bcf	intcon,1,c	;volatile
   190                           
   191                           ; BSR set to: 15
   192                           ;master3.c: 34: INTCON3bits.INT1IF=0;
   193  007F08  90F0               	bcf	intcon3,0,c	;volatile
   194                           
   195                           ; BSR set to: 15
   196                           ;master3.c: 35: INTCON2bits.INTEDG0=1;
   197  007F0A  8CF1               	bsf	intcon2,6,c	;volatile
   198                           
   199                           ; BSR set to: 15
   200                           ;master3.c: 36: INTCON2bits.INTEDG1=1;
   201  007F0C  8AF1               	bsf	intcon2,5,c	;volatile
   202                           
   203                           ; BSR set to: 15
   204                           ;master3.c: 37: INTCONbits.PEIE=1;
   205  007F0E  8CF2               	bsf	intcon,6,c	;volatile
   206                           
   207                           ; BSR set to: 15
   208                           ;master3.c: 38: PIE1bits.SSPIE=1;
   209  007F10  869D               	bsf	3997,3,c	;volatile
   210                           
   211                           ; BSR set to: 15
   212                           ;master3.c: 39: PIR1bits.SSPIF=0;
   213  007F12  969E               	bcf	3998,3,c	;volatile
   214  007F14                     
   215                           ;master3.c: 42: LATAbits.LA7=1;
   216                           
   217                           ; BSR set to: 15
   218  007F14  8E89               	bsf	3977,7,c	;volatile
   219                           
   220                           ;master3.c: 43: _delay((unsigned long)((1000)*(1000000/4000.0)));
   221  007F16  0E02               	movlw	2
   222  007F18  6E04               	movwf	(??_main+1)& (0+255),c
   223  007F1A  0E45               	movlw	69
   224  007F1C  6E03               	movwf	??_main& (0+255),c
   225  007F1E  0EAA               	movlw	170
   226  007F20                     u67:
   227  007F20  2EE8               	decfsz	wreg,f,c
   228  007F22  D7FE               	bra	u67
   229  007F24  2E03               	decfsz	??_main& (0+255),f,c
   230  007F26  D7FC               	bra	u67
   231  007F28  2E04               	decfsz	(??_main+1)& (0+255),f,c
   232  007F2A  D7FA               	bra	u67
   233                           
   234                           ;master3.c: 44: LATAbits.LA7=0;
   235  007F2C  9E89               	bcf	3977,7,c	;volatile
   236                           
   237                           ;master3.c: 45: _delay((unsigned long)((1000)*(1000000/4000.0)));
   238  007F2E  0E02               	movlw	2
   239  007F30  6E04               	movwf	(??_main+1)& (0+255),c
   240  007F32  0E45               	movlw	69
   241  007F34  6E03               	movwf	??_main& (0+255),c
   242  007F36  0EAA               	movlw	170
   243  007F38                     u77:
   244  007F38  2EE8               	decfsz	wreg,f,c
   245  007F3A  D7FE               	bra	u77
   246  007F3C  2E03               	decfsz	??_main& (0+255),f,c
   247  007F3E  D7FC               	bra	u77
   248  007F40  2E04               	decfsz	(??_main+1)& (0+255),f,c
   249  007F42  D7FA               	bra	u77
   250                           
   251                           ;master3.c: 46: LATAbits.LA7=1;
   252  007F44  8E89               	bsf	3977,7,c	;volatile
   253                           
   254                           ;master3.c: 47: _delay((unsigned long)((1000)*(1000000/4000.0)));
   255  007F46  0E02               	movlw	2
   256  007F48  6E04               	movwf	(??_main+1)& (0+255),c
   257  007F4A  0E45               	movlw	69
   258  007F4C  6E03               	movwf	??_main& (0+255),c
   259  007F4E  0EAA               	movlw	170
   260  007F50                     u87:
   261  007F50  2EE8               	decfsz	wreg,f,c
   262  007F52  D7FE               	bra	u87
   263  007F54  2E03               	decfsz	??_main& (0+255),f,c
   264  007F56  D7FC               	bra	u87
   265  007F58  2E04               	decfsz	(??_main+1)& (0+255),f,c
   266  007F5A  D7FA               	bra	u87
   267                           
   268                           ;master3.c: 48: LATAbits.LA7=0;
   269  007F5C  9E89               	bcf	3977,7,c	;volatile
   270                           
   271                           ;master3.c: 49: _delay((unsigned long)((1000)*(1000000/4000.0)));
   272  007F5E  0E02               	movlw	2
   273  007F60  6E04               	movwf	(??_main+1)& (0+255),c
   274  007F62  0E45               	movlw	69
   275  007F64  6E03               	movwf	??_main& (0+255),c
   276  007F66  0EAA               	movlw	170
   277  007F68                     u97:
   278  007F68  2EE8               	decfsz	wreg,f,c
   279  007F6A  D7FE               	bra	u97
   280  007F6C  2E03               	decfsz	??_main& (0+255),f,c
   281  007F6E  D7FC               	bra	u97
   282  007F70  2E04               	decfsz	(??_main+1)& (0+255),f,c
   283  007F72  D7FA               	bra	u97
   284                           
   285                           ;master3.c: 50: LATAbits.LA7=1;
   286  007F74  8E89               	bsf	3977,7,c	;volatile
   287                           
   288                           ;master3.c: 51: _delay((unsigned long)((1000)*(1000000/4000.0)));
   289  007F76  0E02               	movlw	2
   290  007F78  6E04               	movwf	(??_main+1)& (0+255),c
   291  007F7A  0E45               	movlw	69
   292  007F7C  6E03               	movwf	??_main& (0+255),c
   293  007F7E  0EAA               	movlw	170
   294  007F80                     u107:
   295  007F80  2EE8               	decfsz	wreg,f,c
   296  007F82  D7FE               	bra	u107
   297  007F84  2E03               	decfsz	??_main& (0+255),f,c
   298  007F86  D7FC               	bra	u107
   299  007F88  2E04               	decfsz	(??_main+1)& (0+255),f,c
   300  007F8A  D7FA               	bra	u107
   301                           
   302                           ;master3.c: 52: LATAbits.LA7=0;
   303  007F8C  9E89               	bcf	3977,7,c	;volatile
   304                           
   305                           ;master3.c: 53: _delay((unsigned long)((1000)*(1000000/4000.0)));
   306  007F8E  0E02               	movlw	2
   307  007F90  6E04               	movwf	(??_main+1)& (0+255),c
   308  007F92  0E45               	movlw	69
   309  007F94  6E03               	movwf	??_main& (0+255),c
   310  007F96  0EAA               	movlw	170
   311  007F98                     u117:
   312  007F98  2EE8               	decfsz	wreg,f,c
   313  007F9A  D7FE               	bra	u117
   314  007F9C  2E03               	decfsz	??_main& (0+255),f,c
   315  007F9E  D7FC               	bra	u117
   316  007FA0  2E04               	decfsz	(??_main+1)& (0+255),f,c
   317  007FA2  D7FA               	bra	u117
   318                           
   319                           ;master3.c: 54: LATAbits.LA7=1;
   320  007FA4  8E89               	bsf	3977,7,c	;volatile
   321                           
   322                           ;master3.c: 55: _delay((unsigned long)((1000)*(1000000/4000.0)));
   323  007FA6  0E02               	movlw	2
   324  007FA8  6E04               	movwf	(??_main+1)& (0+255),c
   325  007FAA  0E45               	movlw	69
   326  007FAC  6E03               	movwf	??_main& (0+255),c
   327  007FAE  0EAA               	movlw	170
   328  007FB0                     u127:
   329  007FB0  2EE8               	decfsz	wreg,f,c
   330  007FB2  D7FE               	bra	u127
   331  007FB4  2E03               	decfsz	??_main& (0+255),f,c
   332  007FB6  D7FC               	bra	u127
   333  007FB8  2E04               	decfsz	(??_main+1)& (0+255),f,c
   334  007FBA  D7FA               	bra	u127
   335                           
   336                           ;master3.c: 56: LATAbits.LA7=0;
   337  007FBC  9E89               	bcf	3977,7,c	;volatile
   338                           
   339                           ;master3.c: 57: _delay((unsigned long)((1000)*(1000000/4000.0)));
   340  007FBE  0E02               	movlw	2
   341  007FC0  6E04               	movwf	(??_main+1)& (0+255),c
   342  007FC2  0E45               	movlw	69
   343  007FC4  6E03               	movwf	??_main& (0+255),c
   344  007FC6  0EAA               	movlw	170
   345  007FC8                     u137:
   346  007FC8  2EE8               	decfsz	wreg,f,c
   347  007FCA  D7FE               	bra	u137
   348  007FCC  2E03               	decfsz	??_main& (0+255),f,c
   349  007FCE  D7FC               	bra	u137
   350  007FD0  2E04               	decfsz	(??_main+1)& (0+255),f,c
   351  007FD2  D7FA               	bra	u137
   352                           
   353                           ;master3.c: 58: SSP1CON2bits.SEN=1;
   354  007FD4  80C5               	bsf	4037,0,c	;volatile
   355  007FD6  B0C5               	btfsc	4037,0,c	;volatile
   356  007FD8  D7FE               	goto	l43
   357                           
   358                           ;master3.c: 60: PIR1bits.SSPIF=0;
   359  007FDA  969E               	bcf	3998,3,c	;volatile
   360                           
   361                           ;master3.c: 61: SSP1BUF=0x80;
   362  007FDC  0E80               	movlw	128
   363  007FDE  6EC9               	movwf	4041,c	;volatile
   364  007FE0  A69E               	btfss	3998,3,c	;volatile
   365  007FE2  D7FE               	goto	l46
   366                           
   367                           ;master3.c: 63: if(SSP1CON2bits.ACKSTAT=1){
   368  007FE4  8CC5               	bsf	4037,6,c	;volatile
   369                           
   370                           ;master3.c: 64: SSP1CON2bits.PEN;
   371  007FE6  50C5               	movf	4037,w,c	;volatile
   372  007FE8  B4C5               	btfsc	4037,2,c	;volatile
   373  007FEA  D7FE               	goto	l50
   374                           
   375                           ;master3.c: 66: }
   376                           ;master3.c: 67: PIR1bits.SSPIF=0;
   377  007FEC  969E               	bcf	3998,3,c	;volatile
   378                           
   379                           ;master3.c: 68: SSP1BUF=15;
   380  007FEE  0E0F               	movlw	15
   381  007FF0  6EC9               	movwf	4041,c	;volatile
   382  007FF2  A69E               	btfss	3998,3,c	;volatile
   383  007FF4  D7FE               	goto	l53
   384                           
   385                           ;master3.c: 70: PIR1bits.SSPIF=0;
   386  007FF6  969E               	bcf	3998,3,c	;volatile
   387                           
   388                           ;master3.c: 71: SSP1CON2bits.PEN=1;
   389  007FF8  84C5               	bsf	4037,2,c	;volatile
   390  007FFA  A4C5               	btfss	4037,2,c	;volatile
   391  007FFC  D78B               	goto	l41
   392  007FFE  D7FD               	goto	l56
   393  008000                     __end_of_main:
   394                           	opt stack 0
   395  0000                     intcon	equ	0xFF2
   396                           intcon2	equ	0xFF1
   397                           intcon3	equ	0xFF0
   398                           wreg	equ	0xFE8
   399                           intcon	equ	0xFF2
   400                           intcon2	equ	0xFF1
   401                           intcon3	equ	0xFF0
   402                           wreg	equ	0xFE8
   403                           
   404                           	psect	rparam
   405  0000                     intcon	equ	0xFF2
   406                           intcon2	equ	0xFF1
   407                           intcon3	equ	0xFF0
   408                           wreg	equ	0xFE8


Data Sizes:
    Strings     0
    Constant    0
    Data        0
    BSS         2
    Persistent  0
    Stack       0

Auto Spaces:
    Space          Size  Autos    Used
    COMRAM           95      2       4
    BANK0           160      0       0
    BANK1           256      0       0
    BANK2           256      0       0
    BANK3           256      0       0
    BANK4           256      0       0
    BANK5           256      0       0

Pointer List with Targets:

    None.

Critical Paths under _main in COMRAM

    None.

Critical Paths under _main in BANK0

    None.

Critical Paths under _main in BANK1

    None.

Critical Paths under _main in BANK2

    None.

Critical Paths under _main in BANK3

    None.

Critical Paths under _main in BANK4

    None.

Critical Paths under _main in BANK5

    None.

Call Graph Tables:

 ---------------------------------------------------------------------------------
 (Depth) Function   	        Calls       Base Space   Used Autos Params    Refs
 ---------------------------------------------------------------------------------
 (0) _main                                                 2     2      0       0
                                              0 COMRAM     2     2      0
 ---------------------------------------------------------------------------------
 Estimated maximum stack depth 0
 ---------------------------------------------------------------------------------

 Call Graph Graphs:

 _main (ROOT)

 Address spaces:
Name               Size   Autos  Total    Cost      Usage
BIGRAM             5FF      0       0      16        0.0%
EEDATA             100      0       0       0        0.0%
BITBANK5           100      0       0      14        0.0%
BANK5              100      0       0      15        0.0%
BITBANK4           100      0       0      12        0.0%
BANK4              100      0       0      13        0.0%
BITBANK3           100      0       0      10        0.0%
BANK3              100      0       0      11        0.0%
BITBANK2           100      0       0       7        0.0%
BANK2              100      0       0       8        0.0%
BITBANK1           100      0       0       5        0.0%
BANK1              100      0       0       6        0.0%
BITBANK0            A0      0       0       3        0.0%
BANK0               A0      0       0       4        0.0%
BITCOMRAM           5F      0       0       0        0.0%
COMRAM              5F      2       4       1        4.2%
BITSFR_1             0      0       0     200        0.0%
SFR_1                0      0       0     200        0.0%
BITSFR               0      0       0     200        0.0%
SFR                  0      0       0     200        0.0%
STACK                0      0       0       2        0.0%
NULL                 0      0       0       0        0.0%
ABS                  0      0       4       9        0.0%
DATA                 0      0       4      17        0.0%
CODE                 0      0       0       0        0.0%


Microchip Technology PIC18 Macro Assembler V1.44 build -154322312 
Symbol Table                                                                                   Sun Nov 05 17:00:12 2017

                     l41 7F14                       l50 7FE8                       l43 7FD6  
                     l53 7FF2                       l46 7FE0                       l56 7FFA  
                     u67 7F20                       u77 7F38                       u87 7F50  
                     u97 7F68             __CFG_CP0$OFF 000000             __CFG_CP1$OFF 000000  
           __CFG_CP2$OFF 000000             __CFG_CP3$OFF 000000              __CFG_LVP$ON 000000  
           __CFG_CPB$OFF 000000                      u107 7F80                      u117 7F98  
                    u127 7FB0                      u137 7FC8             __CFG_CPD$OFF 000000  
                    wreg 000FE8                     _main 7EDE                     _temp 0001  
          __CFG_BORV$190 000000                     start 0000            __CFG_IESO$OFF 000000  
           ___param_bank 000000                    ?_main 0003                    _TRISA 000F92  
          __CFG_WRT0$OFF 000000            __CFG_WRT1$OFF 000000            __CFG_WRT2$OFF 000000  
          __CFG_WRT3$OFF 000000           __CFG_EBTR0$OFF 000000           __CFG_FCMEN$OFF 000000  
         __CFG_EBTR1$OFF 000000           __CFG_EBTR2$OFF 000000           __CFG_EBTR3$OFF 000000  
          __CFG_WRTB$OFF 000000            __CFG_WRTC$OFF 000000            __CFG_WRTD$OFF 000000  
         __CFG_EBTRB$OFF 000000       __CFG_MCLRE$EXTMCLR 000000           __CFG_BOREN$OFF 000000  
         __CFG_HFOFST$ON 000000           __CFG_PBADEN$ON 000000          __initialization 7ED4  
           __end_of_main 8000                   ??_main 0003            __activetblptr 000000  
                 _ANSELA 000F38           __CFG_WDTEN$OFF 000000           __CFG_XINST$OFF 000000  
         __CFG_STVREN$ON 000000               __accesstop 0060  __end_of__initialization 7ED8  
          ___rparam_used 000001           __pcstackCOMRAM 0003          __CFG_PLLCFG$OFF 000000  
     __CFG_CCP2MX$PORTC1 000000       __CFG_CCP3MX$PORTB5 000000                  _SSP1ADD 000FC8  
                _SSP1BUF 000FC9          __CFG_PWRTEN$OFF 000000                  __Hparam 0000  
                __Lparam 0000                  __pcinit 7ED4                  __ramtop 0600  
                __ptext0 7EDE     end_of_initialization 7ED8                _TRISCbits 000F94  
    start_initialization 7ED4              __pbssCOMRAM 0001         __CFG_PRICLKEN$ON 000000  
               _LATAbits 000F89                 _PIE1bits 000F9D                 _PIR1bits 000F9E  
       __CFG_WDTPS$32768 000000                 _SSP1CON1 000FC6                 _SSP1CON2 000FC5  
               _SSP1STAT 000FC7              _INTCON2bits 000FF1              _INTCON3bits 000FF0  
               __Hrparam 0000                 __Lrparam 0000        __CFG_P2BMX$PORTB5 000000  
             _ANSELCbits 000F3A             _SSP1CON2bits 000FC5            __size_of_main 0122  
             _INTCONbits 000FF2        __CFG_T3CMX$PORTC0 000000        __CFG_FOSC$INTIO67 000000  
