

Microchip Technology PIC18 LITE Macro Assembler V1.44 build -154322312 
                                                                                               Sun Nov 05 17:04:48 2017

Microchip Technology Omniscient Code Generator v1.44 (Free mode) build 201709140600
     1                           	processor	18F25K22
     2                           	fnconf	rparam,??,?,0
     3                           	opt	pw 120
     4                           	opt	lm
     5                           	psect	cinit,global,reloc=2,class=CODE,delta=1
     6                           	psect	bssCOMRAM,global,class=COMRAM,space=1,delta=1,noexec
     7                           	psect	cstackCOMRAM,global,class=COMRAM,space=1,delta=1,noexec
     8                           	psect	text0,global,reloc=2,class=CODE,delta=1
     9                           	psect	text1,global,reloc=2,class=CODE,delta=1
    10                           	psect	intcode,global,reloc=2,class=CODE,delta=1
    11                           	psect	intsave_regs,global,class=BIGRAM,space=1,delta=1,noexec
    12                           	psect	rparam,global,class=COMRAM,space=1,delta=1,noexec
    13                           	psect	temp,global,ovrld,common,class=COMRAM,space=1,delta=1
    14  0000                     
    15                           ; Version 1.44
    16                           ; Generated 14/09/2017 GMT
    17                           ; 
    18                           ; Copyright © 2017, Microchip Technology Inc. and its subsidiaries ("Microchip")
    19                           ; All rights reserved.
    20                           ; 
    21                           ; This software is developed by Microchip Technology Inc. and its subsidiaries ("Microch
      +                          ip").
    22                           ; 
    23                           ; Redistribution and use in source and binary forms, with or without modification, are
    24                           ; permitted provided that the following conditions are met:
    25                           ; 
    26                           ;     1. Redistributions of source code must retain the above copyright notice, this lis
      +                          t of
    27                           ;        conditions and the following disclaimer.
    28                           ; 
    29                           ;     2. Redistributions in binary form must reproduce the above copyright notice, this 
      +                          list
    30                           ;        of conditions and the following disclaimer in the documentation and/or other
    31                           ;        materials provided with the distribution.
    32                           ; 
    33                           ;     3. Microchip's name may not be used to endorse or promote products derived from th
      +                          is
    34                           ;        software without specific prior written permission.
    35                           ; 
    36                           ; THIS SOFTWARE IS PROVIDED BY MICROCHIP "AS IS" AND ANY EXPRESS OR IMPLIED WARRANTIES,
    37                           ; INCLUDING, BUT NOT LIMITED TO, THE IMPLIED WARRANTIES OF MERCHANTABILITY AND FITNESS F
      +                          OR
    38                           ; PURPOSE ARE DISCLAIMED.  IN NO EVENT SHALL MICROCHIP BE LIABLE FOR ANY DIRECT, INDIREC
      +                          T,
    39                           ; INCIDENTAL, SPECIAL, EXEMPLARY, OR CONSEQUENTIAL DAMAGES (INCLUDING BUT NOT LIMITED TO
    40                           ; PROCUREMENT OF SUBSTITUTE GOODS OR SERVICES; LOSS OF USE, DATA OR PROFITS; OR BUSINESS
    41                           ; INTERRUPTION) HOWSOEVER CAUSED AND ON ANY THEORY OF LIABILITY, WHETHER IN CONTRACT, ST
      +                          RICT
    42                           ; LIABILITY, OR TORT (INCLUDING NEGLIGENCE OR OTHERWISE) ARISING IN ANY WAY OUT OF THE U
      +                          SE OF
    43                           ; THIS SOFTWARE, EVEN IF ADVISED OF THE POSSIBILITY OF SUCH DAMAGE.
    44                           ; 
    45                           ; 
    46                           ; Code-generator required, PIC18F25K22 Definitions
    47                           ; 
    48                           ; SFR Addresses
    49  0000                     _ANSELA	set	3896
    50  0000                     _ANSELB	set	3897
    51  0000                     _ANSELCbits	set	3898
    52  0000                     _LATA	set	3977
    53  0000                     _TRISA	set	3986
    54  0000                     _TRISB	set	3987
    55  0000                     _WPUB	set	3937
    56  0000                     _INTCON2bits	set	4081
    57  0000                     _SSP1STATbits	set	4039
    58  0000                     _SSP1BUF	set	4041
    59  0000                     _SSP1CON1bits	set	4038
    60  0000                     _PIR1bits	set	3998
    61  0000                     _INTCONbits	set	4082
    62  0000                     _PIE1bits	set	3997
    63  0000                     _TRISCbits	set	3988
    64  0000                     _SSP1CON2	set	4037
    65  0000                     _SSP1CON1	set	4038
    66  0000                     _SSP1ADD	set	4040
    67  0000                     _SSP1STAT	set	4039
    68                           
    69                           ; #config settings
    70  0000                     
    71                           	psect	cinit
    72  000126                     __pcinit:
    73                           	opt stack 0
    74  000126                     start_initialization:
    75                           	opt stack 0
    76  000126                     __initialization:
    77                           	opt stack 0
    78                           
    79                           ; Clear objects allocated to COMRAM (2 bytes)
    80  000126  6A16               	clrf	(__pbssCOMRAM+1)& (0+255),c
    81  000128  6A15               	clrf	__pbssCOMRAM& (0+255),c
    82  00012A                     end_of_initialization:
    83                           	opt stack 0
    84  00012A                     __end_of__initialization:
    85                           	opt stack 0
    86  00012A  9017               	bcf	int$flags,0,c	;clear compiler interrupt flag (level 1)
    87  00012C  9217               	bcf	int$flags,1,c	;clear compiler interrupt flag (level 2)
    88  00012E  0100               	movlb	0
    89  000130  EF6A  F000         	goto	_main	;jump to C main() function
    90                           
    91                           	psect	bssCOMRAM
    92  000015                     __pbssCOMRAM:
    93                           	opt stack 0
    94  000015                     _z:
    95                           	opt stack 0
    96  000015                     	ds	2
    97                           
    98                           	psect	cstackCOMRAM
    99  000001                     __pcstackCOMRAM:
   100                           	opt stack 0
   101  000001                     ??_Slave_read:
   102  000001                     
   103                           ; 1 bytes @ 0x0
   104  000001                     	ds	18
   105  000013                     createSlave@address:
   106                           	opt stack 0
   107                           
   108                           ; 2 bytes @ 0x12
   109  000013                     	ds	2
   110  000015                     
   111                           ; 1 bytes @ 0x14
   112 ;;
   113 ;;Main: autosize = 0, tempsize = 0, incstack = 0, save=0
   114 ;;
   115 ;; *************** function _main *****************
   116 ;; Defined at:
   117 ;;		line 62 in file "slave.c"
   118 ;; Parameters:    Size  Location     Type
   119 ;;		None
   120 ;; Auto vars:     Size  Location     Type
   121 ;;		None
   122 ;; Return value:  Size  Location     Type
   123 ;;                  1    wreg      void 
   124 ;; Registers used:
   125 ;;		wreg, status,2, status,0, cstack
   126 ;; Tracked objects:
   127 ;;		On entry : 0/0
   128 ;;		On exit  : 0/0
   129 ;;		Unchanged: 0/0
   130 ;; Data sizes:     COMRAM   BANK0   BANK1   BANK2   BANK3   BANK4   BANK5
   131 ;;      Params:         0       0       0       0       0       0       0
   132 ;;      Locals:         0       0       0       0       0       0       0
   133 ;;      Temps:          0       0       0       0       0       0       0
   134 ;;      Totals:         0       0       0       0       0       0       0
   135 ;;Total ram usage:        0 bytes
   136 ;; Hardware stack levels required when called:    2
   137 ;; This function calls:
   138 ;;		_createSlave
   139 ;; This function is called by:
   140 ;;		Startup code after reset
   141 ;; This function uses a non-reentrant model
   142 ;;
   143                           
   144                           	psect	text0
   145  0000D4                     __ptext0:
   146                           	opt stack 0
   147  0000D4                     _main:
   148                           	opt stack 29
   149                           
   150                           ;slave.c: 66: INTCON2bits.RBPU=0;
   151                           
   152                           ;incstack = 0
   153  0000D4  9EF1               	bcf	intcon2,7,c	;volatile
   154                           
   155                           ;slave.c: 67: WPUB=0xff;
   156  0000D6  6861               	setf	3937,c	;volatile
   157                           
   158                           ;slave.c: 69: TRISB=0xff;
   159  0000D8  6893               	setf	3987,c	;volatile
   160                           
   161                           ;slave.c: 70: ANSELB=0x00;
   162  0000DA  0E00               	movlw	0
   163  0000DC  010F               	movlb	15	; () banked
   164  0000DE  6F39               	movwf	57,b	;volatile
   165                           
   166                           ;slave.c: 71: TRISA=0x00;
   167  0000E0  0E00               	movlw	0
   168  0000E2  6E92               	movwf	3986,c	;volatile
   169                           
   170                           ;slave.c: 72: ANSELA=0x00;
   171  0000E4  0E00               	movlw	0
   172  0000E6  6F38               	movwf	56,b	;volatile
   173                           
   174                           ; BSR set to: 15
   175                           ;slave.c: 89: createSlave(0x80);
   176  0000E8  0E00               	movlw	0
   177  0000EA  6E14               	movwf	createSlave@address+1,c
   178  0000EC  0E80               	movlw	128
   179  0000EE  6E13               	movwf	createSlave@address,c
   180  0000F0  EC81  F000         	call	_createSlave	;wreg free
   181  0000F4                     
   182                           ;slave.c: 93: if(z==15){
   183  0000F4  0E0F               	movlw	15
   184  0000F6  1815               	xorwf	_z,w,c
   185  0000F8  1016               	iorwf	_z+1,w,c
   186  0000FA  A4D8               	btfss	status,2,c
   187  0000FC  D7FB               	goto	l61
   188                           
   189                           ;slave.c: 94: LATA=0xff;
   190  0000FE  6889               	setf	3977,c	;volatile
   191  000100  D7F9               	goto	l61
   192  000102                     __end_of_main:
   193                           	opt stack 0
   194                           intcon2	equ	0xFF1
   195                           status	equ	0xFD8
   196                           
   197 ;; *************** function _createSlave *****************
   198 ;; Defined at:
   199 ;;		line 20 in file "slave.c"
   200 ;; Parameters:    Size  Location     Type
   201 ;;  address         2   18[COMRAM] short 
   202 ;; Auto vars:     Size  Location     Type
   203 ;;		None
   204 ;; Return value:  Size  Location     Type
   205 ;;                  1    wreg      void 
   206 ;; Registers used:
   207 ;;		wreg, status,2
   208 ;; Tracked objects:
   209 ;;		On entry : 0/0
   210 ;;		On exit  : 0/0
   211 ;;		Unchanged: 0/0
   212 ;; Data sizes:     COMRAM   BANK0   BANK1   BANK2   BANK3   BANK4   BANK5
   213 ;;      Params:         2       0       0       0       0       0       0
   214 ;;      Locals:         0       0       0       0       0       0       0
   215 ;;      Temps:          0       0       0       0       0       0       0
   216 ;;      Totals:         2       0       0       0       0       0       0
   217 ;;Total ram usage:        2 bytes
   218 ;; Hardware stack levels used:    1
   219 ;; Hardware stack levels required when called:    1
   220 ;; This function calls:
   221 ;;		Nothing
   222 ;; This function is called by:
   223 ;;		_main
   224 ;; This function uses a non-reentrant model
   225 ;;
   226                           
   227                           	psect	text1
   228  000102                     __ptext1:
   229                           	opt stack 0
   230  000102                     _createSlave:
   231                           	opt stack 29
   232                           
   233                           ;slave.c: 21: SSP1STAT=0x80;
   234                           
   235                           ;incstack = 0
   236  000102  0E80               	movlw	128
   237  000104  6EC7               	movwf	4039,c	;volatile
   238                           
   239                           ;slave.c: 22: SSP1ADD=address;
   240  000106  C013  FFC8         	movff	createSlave@address,4040	;volatile
   241                           
   242                           ;slave.c: 23: SSP1CON1=0b00110110;
   243  00010A  0E36               	movlw	54
   244  00010C  6EC6               	movwf	4038,c	;volatile
   245                           
   246                           ;slave.c: 24: SSP1CON2=0x01;
   247  00010E  0E01               	movlw	1
   248  000110  6EC5               	movwf	4037,c	;volatile
   249                           
   250                           ;slave.c: 25: TRISCbits.RC3=1;
   251  000112  8694               	bsf	3988,3,c	;volatile
   252                           
   253                           ;slave.c: 26: TRISCbits.RC4=1;
   254  000114  8894               	bsf	3988,4,c	;volatile
   255                           
   256                           ;slave.c: 27: ANSELCbits.ANSC3=0;
   257  000116  010F               	movlb	15	; () banked
   258  000118  973A               	bcf	58,3,b	;volatile
   259                           
   260                           ; BSR set to: 15
   261                           ;slave.c: 28: ANSELCbits.ANSC4=0;
   262  00011A  993A               	bcf	58,4,b	;volatile
   263                           
   264                           ; BSR set to: 15
   265                           ;slave.c: 29: PIE1bits.SSP1IE=1;
   266  00011C  869D               	bsf	3997,3,c	;volatile
   267                           
   268                           ; BSR set to: 15
   269                           ;slave.c: 30: INTCONbits.GIE=1;
   270  00011E  8EF2               	bsf	intcon,7,c	;volatile
   271                           
   272                           ; BSR set to: 15
   273                           ;slave.c: 31: PIR1bits.SSP1IF=0;
   274  000120  969E               	bcf	3998,3,c	;volatile
   275                           
   276                           ; BSR set to: 15
   277                           ;slave.c: 32: INTCONbits.PEIE=1;
   278  000122  8CF2               	bsf	intcon,6,c	;volatile
   279                           
   280                           ; BSR set to: 15
   281  000124  0012               	return		;funcret
   282  000126                     __end_of_createSlave:
   283                           	opt stack 0
   284                           intcon	equ	0xFF2
   285                           intcon2	equ	0xFF1
   286                           status	equ	0xFD8
   287                           
   288 ;; *************** function _Slave_read *****************
   289 ;; Defined at:
   290 ;;		line 35 in file "slave.c"
   291 ;; Parameters:    Size  Location     Type
   292 ;;		None
   293 ;; Auto vars:     Size  Location     Type
   294 ;;		None
   295 ;; Return value:  Size  Location     Type
   296 ;;                  1    wreg      void 
   297 ;; Registers used:
   298 ;;		None
   299 ;; Tracked objects:
   300 ;;		On entry : 0/0
   301 ;;		On exit  : 0/0
   302 ;;		Unchanged: 0/0
   303 ;; Data sizes:     COMRAM   BANK0   BANK1   BANK2   BANK3   BANK4   BANK5
   304 ;;      Params:         0       0       0       0       0       0       0
   305 ;;      Locals:         0       0       0       0       0       0       0
   306 ;;      Temps:         18       0       0       0       0       0       0
   307 ;;      Totals:        18       0       0       0       0       0       0
   308 ;;Total ram usage:       18 bytes
   309 ;; Hardware stack levels used:    1
   310 ;; This function calls:
   311 ;;		Nothing
   312 ;; This function is called by:
   313 ;;		Interrupt level 2
   314 ;; This function uses a non-reentrant model
   315 ;;
   316                           
   317                           	psect	intcode
   318  000008                     __pintcode:
   319                           	opt stack 0
   320  000008                     _Slave_read:
   321                           	opt stack 29
   322                           
   323                           ; BSR set to: 15
   324                           ;incstack = 0
   325  000008  8217               	bsf	btemp,1,c	;set compiler interrupt flag (level 2)
   326  00000A  CFFA F001          	movff	pclath,??_Slave_read
   327  00000E  CFFB F002          	movff	pclatu,??_Slave_read+1
   328  000012  CFE9 F003          	movff	fsr0l,??_Slave_read+2
   329  000016  CFEA F004          	movff	fsr0h,??_Slave_read+3
   330  00001A  CFE1 F005          	movff	fsr1l,??_Slave_read+4
   331  00001E  CFE2 F006          	movff	fsr1h,??_Slave_read+5
   332  000022  CFD9 F007          	movff	fsr2l,??_Slave_read+6
   333  000026  CFDA F008          	movff	fsr2h,??_Slave_read+7
   334  00002A  CFF3 F009          	movff	prodl,??_Slave_read+8
   335  00002E  CFF4 F00A          	movff	prodh,??_Slave_read+9
   336  000032  CFF6 F00B          	movff	tblptrl,??_Slave_read+10
   337  000036  CFF7 F00C          	movff	tblptrh,??_Slave_read+11
   338  00003A  CFF8 F00D          	movff	tblptru,??_Slave_read+12
   339  00003E  CFF5 F00E          	movff	tablat,??_Slave_read+13
   340  000042  C017  F00F         	movff	btemp,??_Slave_read+14
   341  000046  C018  F010         	movff	btemp+1,??_Slave_read+15
   342  00004A  C019  F011         	movff	btemp+2,??_Slave_read+16
   343  00004E  C01A  F012         	movff	btemp+3,??_Slave_read+17
   344                           
   345                           ;slave.c: 36: if(PIR1bits.SSPIF==1){
   346  000052  A69E               	btfss	3998,3,c	;volatile
   347  000054  D017               	goto	i2l48
   348                           
   349                           ;slave.c: 37: SSP1CON1bits.CKP=0;
   350  000056  98C6               	bcf	4038,4,c	;volatile
   351                           
   352                           ;slave.c: 38: if ((SSP1CON1bits.WCOL==1) || (SSP1CON1bits.SSPOV==1)) {
   353  000058  BEC6               	btfsc	4038,7,c	;volatile
   354  00005A  D002               	goto	i2u3_40
   355  00005C  ACC6               	btfss	4038,6,c	;volatile
   356  00005E  D006               	goto	i2l49
   357  000060                     i2u3_40:
   358                           
   359                           ;slave.c: 39: z=SSP1BUF;
   360  000060  CFC9 F015          	movff	4041,_z	;volatile
   361  000064  6A16               	clrf	_z+1,c
   362                           
   363                           ;slave.c: 40: SSP1CON1bits.SSPOV=0;
   364  000066  9CC6               	bcf	4038,6,c	;volatile
   365                           
   366                           ;slave.c: 41: SSP1CON1bits.WCOL=0;
   367  000068  9EC6               	bcf	4038,7,c	;volatile
   368                           
   369                           ;slave.c: 42: SSP1CON1bits.CKP=0;
   370  00006A  98C6               	bcf	4038,4,c	;volatile
   371  00006C                     i2l49:
   372                           
   373                           ;slave.c: 43: }
   374                           ;slave.c: 44: if (!SSP1STATbits.RW) {
   375  00006C  B4C7               	btfsc	4039,2,c	;volatile
   376  00006E  D009               	goto	i2l52
   377                           
   378                           ;slave.c: 45: z=SSP1BUF;
   379  000070  CFC9 F015          	movff	4041,_z	;volatile
   380  000074  6A16               	clrf	_z+1,c
   381                           
   382                           ;slave.c: 46: SSP1CON1bits.CKP=1;
   383  000076  88C6               	bsf	4038,4,c	;volatile
   384  000078  A0C7               	btfss	4039,0,c	;volatile
   385  00007A  D7FE               	goto	i2l54
   386                           
   387                           ;slave.c: 48: z=SSP1BUF;
   388  00007C  CFC9 F015          	movff	4041,_z	;volatile
   389  000080  6A16               	clrf	_z+1,c
   390  000082                     i2l52:
   391                           
   392                           ;slave.c: 49: }
   393                           ;slave.c: 57: PIR1bits.SSPIF=0;
   394  000082  969E               	bcf	3998,3,c	;volatile
   395  000084                     i2l48:
   396  000084  C012  F01A         	movff	??_Slave_read+17,btemp+3
   397  000088  C011  F019         	movff	??_Slave_read+16,btemp+2
   398  00008C  C010  F018         	movff	??_Slave_read+15,btemp+1
   399  000090  C00F  F017         	movff	??_Slave_read+14,btemp
   400  000094  C00E  FFF5         	movff	??_Slave_read+13,tablat
   401  000098  C00D  FFF8         	movff	??_Slave_read+12,tblptru
   402  00009C  C00C  FFF7         	movff	??_Slave_read+11,tblptrh
   403  0000A0  C00B  FFF6         	movff	??_Slave_read+10,tblptrl
   404  0000A4  C00A  FFF4         	movff	??_Slave_read+9,prodh
   405  0000A8  C009  FFF3         	movff	??_Slave_read+8,prodl
   406  0000AC  C008  FFDA         	movff	??_Slave_read+7,fsr2h
   407  0000B0  C007  FFD9         	movff	??_Slave_read+6,fsr2l
   408  0000B4  C006  FFE2         	movff	??_Slave_read+5,fsr1h
   409  0000B8  C005  FFE1         	movff	??_Slave_read+4,fsr1l
   410  0000BC  C004  FFEA         	movff	??_Slave_read+3,fsr0h
   411  0000C0  C003  FFE9         	movff	??_Slave_read+2,fsr0l
   412  0000C4  C002  FFFB         	movff	??_Slave_read+1,pclatu
   413  0000C8  C001  FFFA         	movff	??_Slave_read,pclath
   414  0000CC  9217               	bcf	btemp,1,c	;clear compiler interrupt flag (level 2)
   415  0000CE  0011               	retfie		f
   416  0000D0                     __end_of_Slave_read:
   417                           	opt stack 0
   418  0000                     pclatu	equ	0xFFB
   419                           pclath	equ	0xFFA
   420                           tblptru	equ	0xFF8
   421                           tblptrh	equ	0xFF7
   422                           tblptrl	equ	0xFF6
   423                           tablat	equ	0xFF5
   424                           prodh	equ	0xFF4
   425                           prodl	equ	0xFF3
   426                           intcon	equ	0xFF2
   427                           intcon2	equ	0xFF1
   428                           fsr0h	equ	0xFEA
   429                           fsr0l	equ	0xFE9
   430                           fsr1h	equ	0xFE2
   431                           fsr1l	equ	0xFE1
   432                           fsr2h	equ	0xFDA
   433                           fsr2l	equ	0xFD9
   434                           status	equ	0xFD8
   435                           pclatu	equ	0xFFB
   436                           pclath	equ	0xFFA
   437                           tblptru	equ	0xFF8
   438                           tblptrh	equ	0xFF7
   439                           tblptrl	equ	0xFF6
   440                           tablat	equ	0xFF5
   441                           prodh	equ	0xFF4
   442                           prodl	equ	0xFF3
   443                           intcon	equ	0xFF2
   444                           intcon2	equ	0xFF1
   445                           fsr0h	equ	0xFEA
   446                           fsr0l	equ	0xFE9
   447                           fsr1h	equ	0xFE2
   448                           fsr1l	equ	0xFE1
   449                           fsr2h	equ	0xFDA
   450                           fsr2l	equ	0xFD9
   451                           status	equ	0xFD8
   452                           
   453                           	psect	rparam
   454  0000                     pclatu	equ	0xFFB
   455                           pclath	equ	0xFFA
   456                           tblptru	equ	0xFF8
   457                           tblptrh	equ	0xFF7
   458                           tblptrl	equ	0xFF6
   459                           tablat	equ	0xFF5
   460                           prodh	equ	0xFF4
   461                           prodl	equ	0xFF3
   462                           intcon	equ	0xFF2
   463                           intcon2	equ	0xFF1
   464                           fsr0h	equ	0xFEA
   465                           fsr0l	equ	0xFE9
   466                           fsr1h	equ	0xFE2
   467                           fsr1l	equ	0xFE1
   468                           fsr2h	equ	0xFDA
   469                           fsr2l	equ	0xFD9
   470                           status	equ	0xFD8
   471                           
   472                           	psect	temp
   473  000017                     btemp:
   474                           	opt stack 0
   475  000017                     	ds	1
   476  0000                     int$flags	set	btemp
   477  0000                     wtemp6	set	btemp+1
   478                           pclatu	equ	0xFFB
   479                           pclath	equ	0xFFA
   480                           tblptru	equ	0xFF8
   481                           tblptrh	equ	0xFF7
   482                           tblptrl	equ	0xFF6
   483                           tablat	equ	0xFF5
   484                           prodh	equ	0xFF4
   485                           prodl	equ	0xFF3
   486                           intcon	equ	0xFF2
   487                           intcon2	equ	0xFF1
   488                           fsr0h	equ	0xFEA
   489                           fsr0l	equ	0xFE9
   490                           fsr1h	equ	0xFE2
   491                           fsr1l	equ	0xFE1
   492                           fsr2h	equ	0xFDA
   493                           fsr2l	equ	0xFD9
   494                           status	equ	0xFD8


Data Sizes:
    Strings     0
    Constant    0
    Data        0
    BSS         2
    Persistent  0
    Stack       0

Auto Spaces:
    Space          Size  Autos    Used
    COMRAM           94     20      22
    BANK0           160      0       0
    BANK1           256      0       0
    BANK2           256      0       0
    BANK3           256      0       0
    BANK4           256      0       0
    BANK5           256      0       0

Pointer List with Targets:

    None.

Critical Paths under _main in COMRAM

    _main->_createSlave

Critical Paths under _Slave_read in COMRAM

    None.

Critical Paths under _main in BANK0

    None.

Critical Paths under _Slave_read in BANK0

    None.

Critical Paths under _main in BANK1

    None.

Critical Paths under _Slave_read in BANK1

    None.

Critical Paths under _main in BANK2

    None.

Critical Paths under _Slave_read in BANK2

    None.

Critical Paths under _main in BANK3

    None.

Critical Paths under _Slave_read in BANK3

    None.

Critical Paths under _main in BANK4

    None.

Critical Paths under _Slave_read in BANK4

    None.

Critical Paths under _main in BANK5

    None.

Critical Paths under _Slave_read in BANK5

    None.

Call Graph Tables:

 ---------------------------------------------------------------------------------
 (Depth) Function   	        Calls       Base Space   Used Autos Params    Refs
 ---------------------------------------------------------------------------------
 (0) _main                                                 0     0      0      98
                        _createSlave
 ---------------------------------------------------------------------------------
 (1) _createSlave                                          2     0      2      98
                                             18 COMRAM     2     0      2
 ---------------------------------------------------------------------------------
 Estimated maximum stack depth 1
 ---------------------------------------------------------------------------------
 (Depth) Function   	        Calls       Base Space   Used Autos Params    Refs
 ---------------------------------------------------------------------------------
 (2) _Slave_read                                          18    18      0       0
                                              0 COMRAM    18    18      0
 ---------------------------------------------------------------------------------
 Estimated maximum stack depth 2
 ---------------------------------------------------------------------------------

 Call Graph Graphs:

 _main (ROOT)
   _createSlave

 _Slave_read (ROOT)

 Address spaces:
Name               Size   Autos  Total    Cost      Usage
BIGRAM             5FF      0       0      16        0.0%
EEDATA             100      0       0       0        0.0%
BITBANK5           100      0       0      14        0.0%
BANK5              100      0       0      15        0.0%
BITBANK4           100      0       0      12        0.0%
BANK4              100      0       0      13        0.0%
BITBANK3           100      0       0      10        0.0%
BANK3              100      0       0      11        0.0%
BITBANK2           100      0       0       7        0.0%
BANK2              100      0       0       8        0.0%
BITBANK1           100      0       0       5        0.0%
BANK1              100      0       0       6        0.0%
BITBANK0            A0      0       0       3        0.0%
BANK0               A0      0       0       4        0.0%
BITCOMRAM           5E      0       0       0        0.0%
COMRAM              5E     14      16       1       23.4%
BITSFR_1             0      0       0     200        0.0%
SFR_1                0      0       0     200        0.0%
BITSFR               0      0       0     200        0.0%
SFR                  0      0       0     200        0.0%
STACK                0      0       0       2        0.0%
NULL                 0      0       0       0        0.0%
ABS                  0      0      16       9        0.0%
DATA                 0      0      16      17        0.0%
CODE                 0      0       0       0        0.0%


Microchip Technology PIC18 Macro Assembler V1.44 build -154322312 
Symbol Table                                                                                   Sun Nov 05 17:04:48 2017

                      _z 0015                       l61 00F4             __CFG_CP0$OFF 000000  
           __CFG_CP1$OFF 000000             __CFG_CP2$OFF 000000             __CFG_CP3$OFF 000000  
            __CFG_LVP$ON 000000             __CFG_CPB$OFF 000000             __CFG_CPD$OFF 000000  
                   _LATA 000F89                     i2l52 0082                     i2l54 0078  
                   i2l48 0084                     i2l49 006C                     _WPUB 000F61  
                   _main 00D4                     fsr0h 000FEA                     fsr1h 000FE2  
                   fsr2h 000FDA                     fsr0l 000FE9                     fsr1l 000FE1  
                   fsr2l 000FD9                     btemp 0017            __CFG_BORV$190 000000  
                   prodh 000FF4                     prodl 000FF3                     start 00D0  
          __CFG_IESO$OFF 000000             ___param_bank 000000                    ?_main 0001  
                  _TRISA 000F92                    _TRISB 000F93            __CFG_WRT0$OFF 000000  
          __CFG_WRT1$OFF 000000            __CFG_WRT2$OFF 000000            __CFG_WRT3$OFF 000000  
         __CFG_EBTR0$OFF 000000           __CFG_FCMEN$OFF 000000           __CFG_EBTR1$OFF 000000  
         __CFG_EBTR2$OFF 000000           __CFG_EBTR3$OFF 000000            __CFG_WRTB$OFF 000000  
          __CFG_WRTC$OFF 000000            __CFG_WRTD$OFF 000000           __CFG_EBTRB$OFF 000000  
     __CFG_MCLRE$EXTMCLR 000000           __CFG_BOREN$OFF 000000                    pclath 000FFA  
                  tablat 000FF5                    status 000FD8                    wtemp6 0018  
         __CFG_HFOFST$ON 000000           __CFG_PBADEN$ON 000000          __initialization 0126  
           __end_of_main 0102                   ??_main 0015            __activetblptr 000000  
                 _ANSELA 000F38                   _ANSELB 000F39           __CFG_WDTEN$OFF 000000  
                 i2u3_40 0060     __size_of_createSlave 0024           __CFG_XINST$OFF 000000  
             _Slave_read 0008           __CFG_STVREN$ON 000000                   tblptrh 000FF7  
                 tblptrl 000FF6                   tblptru 000FF8               __accesstop 0060  
__end_of__initialization 012A            ___rparam_used 000001           __pcstackCOMRAM 0001  
        __CFG_PLLCFG$OFF 000000       __CFG_CCP2MX$PORTC1 000000              ?_Slave_read 0001  
     __CFG_CCP3MX$PORTB5 000000                  _SSP1ADD 000FC8                  _SSP1BUF 000FC9  
        __CFG_PWRTEN$OFF 000000                  __Hparam 0000                  __Lparam 0000  
                __pcinit 0126                  __ramtop 0600                  __ptext0 00D4  
                __ptext1 0102      __size_of_Slave_read 00C8     end_of_initialization 012A  
              _TRISCbits 000F94            ??_createSlave 0015      start_initialization 0126  
    __end_of_createSlave 0126             ??_Slave_read 0001              __pbssCOMRAM 0015  
     __end_of_Slave_read 00D0                __pintcode 0008         __CFG_PRICLKEN$ON 000000  
            _createSlave 0102                 _PIE1bits 000F9D                 _PIR1bits 000F9E  
       __CFG_WDTPS$32768 000000                 _SSP1CON1 000FC6                 _SSP1CON2 000FC5  
               _SSP1STAT 000FC7       createSlave@address 0013              _INTCON2bits 000FF1  
               __Hrparam 0000                 __Lrparam 0000        __CFG_P2BMX$PORTB5 000000  
             _ANSELCbits 000F3A             _SSP1CON1bits 000FC6            __size_of_main 002E  
               int$flags 0017             _SSP1STATbits 000FC7               _INTCONbits 000FF2  
               intlevel2 0000        __CFG_T3CMX$PORTC0 000000             ?_createSlave 0013  
      __CFG_FOSC$INTIO67 000000  
